[03:22:32] [main/INFO]: Loading Minecraft 1.21.1 with Fabric Loader 0.18.2
[03:22:32] [main/INFO]: Fabric is preparing JARs on first launch, this may take a few seconds...
[03:22:32] [main/INFO]: Loading 4 mods:
	- fabricloader 0.18.2
	   \-- mixinextras 0.5.0
	- java 21
	- minecraft 1.21.1
[03:22:32] [main/INFO]: SpongePowered MIXIN Subsystem Version=0.8.7 Source=file:/workspaces/SERVER/servidor_minecraft/libraries/net/fabricmc/sponge-mixin/0.16.5+mixin.0.8.7/sponge-mixin-0.16.5+mixin.0.8.7.jar Service=Knot/Fabric Env=SERVER
[03:22:43] [main/INFO]: Environment: Environment[sessionHost=https://sessionserver.mojang.com, servicesHost=https://api.minecraftservices.com, name=PROD]
[03:22:44] [main/INFO]: No existing world data, creating new world
[03:22:45] [main/INFO]: Loaded 1290 recipes
[03:22:45] [main/INFO]: Loaded 1399 advancements
[03:22:47] [Server thread/INFO]: Starting minecraft server version 1.21.1
[03:22:47] [Server thread/INFO]: Loading properties
[03:22:47] [Server thread/INFO]: Default game type: SURVIVAL
[03:22:47] [Server thread/INFO]: Generating keypair
[03:22:47] [Server thread/INFO]: Starting Minecraft server on *:25565
[03:22:47] [Server thread/INFO]: Using epoll channel type
[03:22:47] [Server thread/WARN]: **** SERVER IS RUNNING IN OFFLINE/INSECURE MODE!
[03:22:47] [Server thread/WARN]: The server will make no attempt to authenticate usernames. Beware.
[03:22:47] [Server thread/WARN]: While this makes the game possible to play without internet access, it also opens up the ability for hackers to connect with any username they choose.
[03:22:47] [Server thread/WARN]: To change this, set "online-mode" to "true" in the server.properties file.
[03:22:47] [Server thread/INFO]: Preparing level "world"
[03:23:01] [Server thread/INFO]: Preparing start region for dimension minecraft:overworld
[03:23:01] [Worker-Main-1/INFO]: Preparing spawn area: 2%
[03:23:03] [Worker-Main-1/INFO]: Preparing spawn area: 2%
[03:23:03] [Worker-Main-1/INFO]: Preparing spawn area: 2%
[03:23:03] [Worker-Main-1/INFO]: Preparing spawn area: 2%
[03:23:03] [Worker-Main-1/INFO]: Preparing spawn area: 2%
[03:23:04] [Worker-Main-1/INFO]: Preparing spawn area: 2%
[03:23:04] [Worker-Main-1/INFO]: Preparing spawn area: 2%
[03:23:05] [Worker-Main-1/INFO]: Preparing spawn area: 2%
[03:23:05] [Worker-Main-1/INFO]: Preparing spawn area: 2%
[03:23:06] [Worker-Main-1/INFO]: Preparing spawn area: 2%
[03:23:06] [Worker-Main-1/INFO]: Preparing spawn area: 2%
[03:23:07] [Worker-Main-1/INFO]: Preparing spawn area: 2%
[03:23:07] [Worker-Main-1/INFO]: Preparing spawn area: 2%
[03:23:08] [Worker-Main-1/INFO]: Preparing spawn area: 2%
[03:23:08] [Worker-Main-1/INFO]: Preparing spawn area: 2%
[03:23:09] [Worker-Main-1/INFO]: Preparing spawn area: 2%
[03:23:09] [Worker-Main-1/INFO]: Preparing spawn area: 2%
[03:23:10] [Worker-Main-1/INFO]: Preparing spawn area: 2%
[03:23:10] [Worker-Main-1/INFO]: Preparing spawn area: 2%
[03:23:11] [Worker-Main-1/INFO]: Preparing spawn area: 2%
[03:23:11] [Worker-Main-1/INFO]: Preparing spawn area: 2%
[03:23:12] [Worker-Main-1/INFO]: Preparing spawn area: 2%
[03:23:12] [Worker-Main-1/INFO]: Preparing spawn area: 2%
[03:23:13] [Worker-Main-1/INFO]: Preparing spawn area: 2%
[03:23:13] [Worker-Main-1/INFO]: Preparing spawn area: 2%
[03:23:14] [Worker-Main-1/INFO]: Preparing spawn area: 2%
[03:23:14] [Worker-Main-1/INFO]: Preparing spawn area: 2%
[03:23:15] [Worker-Main-1/INFO]: Preparing spawn area: 2%
[03:23:15] [Worker-Main-1/INFO]: Preparing spawn area: 51%
[03:23:16] [Server thread/INFO]: Time elapsed: 15013 ms
[03:23:16] [Server thread/INFO]: Done (28.940s)! For help, type "help"
